[     175ms] [INFO] %cDownload the React DevTools for a better development experience: https://react.dev/link/react-devtools font-weight:bold @ http://localhost:3000/_next/static/chunks/node_modules_next_dist_1ybzpk2._.js:2477
[     225ms] [LOG] [HMR] connected @ http://localhost:3000/_next/static/chunks/node_modules_next_dist_1ybzpk2._.js:2477
[   12782ms] [ERROR] Failed to load resource: the server responded with a status of 400 () @ https://wghgfwemwhvyrrldcabs.supabase.co/auth/v1/token?grant_type=password:0
[   22277ms] [ERROR] Failed to load resource: the server responded with a status of 404 () @ https://t2.gstatic.com/faviconV2?client=SOCIAL&type=FAVICON&fallback_opts=TYPE,SIZE,URL&url=http://abhudayabank.co.in&size=64:0
[   22413ms] [ERROR] Failed to load resource: the server responded with a status of 404 () @ https://t0.gstatic.com/faviconV2?client=SOCIAL&type=FAVICON&fallback_opts=TYPE,SIZE,URL&url=http://qooh.me&size=64:0
[   22413ms] [ERROR] Failed to load resource: the server responded with a status of 404 () @ https://t0.gstatic.com/faviconV2?client=SOCIAL&type=FAVICON&fallback_opts=TYPE,SIZE,URL&url=http://supercell.com&size=64:0
[   22414ms] [ERROR] Failed to load resource: the server responded with a status of 404 () @ https://t3.gstatic.com/faviconV2?client=SOCIAL&type=FAVICON&fallback_opts=TYPE,SIZE,URL&url=http://mahadbmahit.gov.in&size=64:0
[   22414ms] [ERROR] Failed to load resource: the server responded with a status of 404 () @ https://t3.gstatic.com/faviconV2?client=SOCIAL&type=FAVICON&fallback_opts=TYPE,SIZE,URL&url=http://mahadbt.gov.in&size=64:0
[  170366ms] [LOG] [Fast Refresh] rebuilding @ http://localhost:3000/_next/static/chunks/node_modules_next_dist_1ybzpk2._.js:2477
[  170367ms] [LOG] [Fast Refresh] done in 102ms @ http://localhost:3000/_next/static/chunks/node_modules_next_dist_1ybzpk2._.js:2477
[  268742ms] [ERROR] WebSocket connection to 'ws://localhost:3000/_next/webpack-hmr?id=zPfrnpBS2JM46Kl4V7fg1' failed: Error in connection establishment: net::ERR_CONNECTION_REFUSED @ http://localhost:3000/_next/static/chunks/node_modules_next_dist_client_0r5nbpw._.js:13422
[  269975ms] [LOG] [HMR] connected @ http://localhost:3000/_next/static/chunks/node_modules_next_dist_1ybzpk2._.js:2477
[  272465ms] [INFO] %cDownload the React DevTools for a better development experience: https://react.dev/link/react-devtools font-weight:bold @ http://localhost:3000/_next/static/chunks/node_modules_next_dist_1ybzpk2._.js:2477
[  272482ms] [LOG] [HMR] connected @ http://localhost:3000/_next/static/chunks/node_modules_next_dist_1ybzpk2._.js:2477
[  272648ms] [LOG] [Fast Refresh] rebuilding @ http://localhost:3000/_next/static/chunks/node_modules_next_dist_1ybzpk2._.js:2477
[  273054ms] [LOG] [Fast Refresh] done in 508ms @ http://localhost:3000/_next/static/chunks/node_modules_next_dist_1ybzpk2._.js:2477
[  275035ms] [LOG] [Fast Refresh] rebuilding @ http://localhost:3000/_next/static/chunks/node_modules_next_dist_1ybzpk2._.js:2477
[  275047ms] [LOG] [Fast Refresh] done in 113ms @ http://localhost:3000/_next/static/chunks/node_modules_next_dist_1ybzpk2._.js:2477
[  277205ms] [ERROR] Failed to load resource: the server responded with a status of 404 () @ https://t3.gstatic.com/faviconV2?client=SOCIAL&type=FAVICON&fallback_opts=TYPE,SIZE,URL&url=http://mahadbmahit.gov.in&size=64:0
[  277205ms] [ERROR] Failed to load resource: the server responded with a status of 404 () @ https://t3.gstatic.com/faviconV2?client=SOCIAL&type=FAVICON&fallback_opts=TYPE,SIZE,URL&url=http://mahadbt.gov.in&size=64:0
[  277212ms] [ERROR] Failed to load resource: the server responded with a status of 404 () @ https://t2.gstatic.com/faviconV2?client=SOCIAL&type=FAVICON&fallback_opts=TYPE,SIZE,URL&url=http://abhudayabank.co.in&size=64:0
[  277217ms] [ERROR] Failed to load resource: the server responded with a status of 404 () @ https://t0.gstatic.com/faviconV2?client=SOCIAL&type=FAVICON&fallback_opts=TYPE,SIZE,URL&url=http://qooh.me&size=64:0
[  277217ms] [ERROR] Failed to load resource: the server responded with a status of 404 () @ https://t0.gstatic.com/faviconV2?client=SOCIAL&type=FAVICON&fallback_opts=TYPE,SIZE,URL&url=http://supercell.com&size=64:0
